[debug] [2024-11-26T12:01:22.929Z] ----------------------------------------------------------------------
[debug] [2024-11-26T12:01:22.931Z] Command:       C:\Program Files\nodejs\node.exe C:\Users\LENOVO\AppData\Roaming\npm\node_modules\firebase-tools\lib\bin\firebase.js init
[debug] [2024-11-26T12:01:22.931Z] CLI Version:   13.27.0
[debug] [2024-11-26T12:01:22.932Z] Platform:      win32
[debug] [2024-11-26T12:01:22.932Z] Node Version:  v20.10.0
[debug] [2024-11-26T12:01:22.932Z] Time:          Tue Nov 26 2024 19:01:22 GMT+0700 (Indochina Time)
[debug] [2024-11-26T12:01:22.932Z] ----------------------------------------------------------------------
[debug] 
[debug] [2024-11-26T12:01:22.979Z] > command requires scopes: ["email","openid","https://www.googleapis.com/auth/cloudplatformprojects.readonly","https://www.googleapis.com/auth/firebase","https://www.googleapis.com/auth/cloud-platform"]
[debug] [2024-11-26T12:01:22.979Z] > authorizing via signed-in user (vuhainam1506@gmail.com)
[info] 
     ######## #### ########  ######## ########     ###     ######  ########
     ##        ##  ##     ## ##       ##     ##  ##   ##  ##       ##
     ######    ##  ########  ######   ########  #########  ######  ######
     ##        ##  ##    ##  ##       ##     ## ##     ##       ## ##
     ##       #### ##     ## ######## ########  ##     ##  ######  ########

You're about to initialize a Firebase project in this directory:

  D:\Holo\Holo-E-Commerce-Website\app

Before we get started, keep in mind:

  * You are initializing within an existing Firebase project directory

[info] 
=== Project Setup
[info] 
[info] First, let's associate this project directory with a Firebase project.
[info] You can create multiple project aliases by running firebase use --add, 
[info] but for now we'll just set up a default project.
[info] 
[debug] [2024-11-26T12:01:29.466Z] Using project from CLI flag: commerce-f8062
[debug] [2024-11-26T12:01:29.467Z] Checked if tokens are valid: true, expires at: 1732625881203
[debug] [2024-11-26T12:01:29.467Z] Checked if tokens are valid: true, expires at: 1732625881203
[debug] [2024-11-26T12:01:29.468Z] >>> [apiv2][query] GET https://firebase.googleapis.com/v1beta1/projects/commerce-f8062 [none]
[debug] [2024-11-26T12:01:29.979Z] <<< [apiv2][status] GET https://firebase.googleapis.com/v1beta1/projects/commerce-f8062 200
[debug] [2024-11-26T12:01:29.979Z] <<< [apiv2][body] GET https://firebase.googleapis.com/v1beta1/projects/commerce-f8062 {"projectId":"commerce-f8062","projectNumber":"127798354740","displayName":"commerce","name":"projects/commerce-f8062","resources":{"hostingSite":"commerce-f8062","storageBucket":"commerce-f8062.appspot.com","locationId":"us-central"},"state":"ACTIVE","etag":"1_60745173-68ff-4548-b3a1-74bea201987d"}
[info] i  Using project commerce-f8062 (commerce) 
[info] 
=== Hosting Setup
[debug] [2024-11-26T12:01:29.986Z] Checked if tokens are valid: true, expires at: 1732625881203
[debug] [2024-11-26T12:01:29.986Z] Checked if tokens are valid: true, expires at: 1732625881203
[debug] [2024-11-26T12:01:29.987Z] >>> [apiv2][query] GET https://firebase.googleapis.com/v1beta1/projects/commerce-f8062 [none]
[debug] [2024-11-26T12:01:30.261Z] <<< [apiv2][status] GET https://firebase.googleapis.com/v1beta1/projects/commerce-f8062 200
[debug] [2024-11-26T12:01:30.261Z] <<< [apiv2][body] GET https://firebase.googleapis.com/v1beta1/projects/commerce-f8062 {"projectId":"commerce-f8062","projectNumber":"127798354740","displayName":"commerce","name":"projects/commerce-f8062","resources":{"hostingSite":"commerce-f8062","storageBucket":"commerce-f8062.appspot.com","locationId":"us-central"},"state":"ACTIVE","etag":"1_60745173-68ff-4548-b3a1-74bea201987d"}
[info] 
[info] Your public directory is the folder (relative to your project directory) that
[info] will contain Hosting assets to be uploaded with firebase deploy. If you
[info] have a build process for your assets, use your build's output directory.
[info] 
[debug] [2024-11-26T12:01:49.938Z] >>> [apiv2][query] GET https://www.gstatic.com/firebasejs/releases.json [none]
[debug] [2024-11-26T12:01:50.132Z] <<< [apiv2][status] GET https://www.gstatic.com/firebasejs/releases.json 200
[debug] [2024-11-26T12:01:50.132Z] <<< [apiv2][body] GET https://www.gstatic.com/firebasejs/releases.json {"current":{"version":"11.0.2","browserURL":"https://www.gstatic.com/firebasejs/11.0.2/firebase.js","packageURL":"https://www.gstatic.com/firebasejs/11.0.2/firebase.tgz"},"live":{"version":"11.0","browserURL":"https://www.gstatic.com/firebasejs/live/11.0/firebase.js","packageURL":"https://www.gstatic.com/firebasejs/live/11.0/firebase.tgz"},"components":{"analytics":"https://www.gstatic.com/firebasejs/11.0.2/firebase-analytics.js","app":"https://www.gstatic.com/firebasejs/11.0.2/firebase-app.js","app-check":"https://www.gstatic.com/firebasejs/11.0.2/firebase-app-check.js","auth":"https://www.gstatic.com/firebasejs/11.0.2/firebase-auth.js","auth/cordova":"https://www.gstatic.com/firebasejs/11.0.2/firebase-auth/cordova.js","auth/web-extension":"https://www.gstatic.com/firebasejs/11.0.2/firebase-auth/web-extension.js","functions":"https://www.gstatic.com/firebasejs/11.0.2/firebase-functions.js","firestore":"https://www.gstatic.com/firebasejs/11.0.2/firebase-firestore.js","firestore/lite":"https://www.gstatic.com/firebasejs/11.0.2/firebase-firestore/lite.js","installations":"https://www.gstatic.com/firebasejs/11.0.2/firebase-installations.js","storage":"https://www.gstatic.com/firebasejs/11.0.2/firebase-storage.js","performance":"https://www.gstatic.com/firebasejs/11.0.2/firebase-performance.js","remote-config":"https://www.gstatic.com/firebasejs/11.0.2/firebase-remote-config.js","messaging":"https://www.gstatic.com/firebasejs/11.0.2/firebase-messaging.js","messaging/sw":"https://www.gstatic.com/firebasejs/11.0.2/firebase-messaging/sw.js","database":"https://www.gstatic.com/firebasejs/11.0.2/firebase-database.js","vertexai":"https://www.gstatic.com/firebasejs/11.0.2/firebase-vertexai.js","data-connect":"https://www.gstatic.com/firebasejs/11.0.2/firebase-data-connect.js","firestore.memory":"https://www.gstatic.com/firebasejs/11.0.2/firebase-firestore.memory.js"}}
[info] +  Wrote public/index.html 
[info] 
[info] i  Detected a .git folder at D:\Holo\Holo-E-Commerce-Website 
[info] i  Authorizing with GitHub to upload your service account to a GitHub repository's secrets store. 
[info] 
[info] Visit this URL on this device to log in:
[info] https://github.com/login/oauth/authorize?client_id=89cf50f02ac6aaed3484&state=989426179&redirect_uri=http%3A%2F%2Flocalhost%3A9005&scope=read%3Auser%20repo%20public_repo
[info] 
[info] Waiting for authentication...
[debug] [2024-11-26T12:02:09.912Z] >>> [apiv2][query] POST https://github.com/login/oauth/access_token [none]
[debug] [2024-11-26T12:02:09.912Z] >>> [apiv2][body] POST https://github.com/login/oauth/access_token [stream]
[debug] [2024-11-26T12:02:10.345Z] <<< [apiv2][status] POST https://github.com/login/oauth/access_token 200
[debug] [2024-11-26T12:02:10.345Z] <<< [apiv2][body] POST https://github.com/login/oauth/access_token {"access_token":"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","token_type":"bearer","scope":"read:user,repo"}
[debug] [2024-11-26T12:02:10.356Z] >>> [apiv2][query] GET https://api.github.com/user [none]
[debug] [2024-11-26T12:02:10.864Z] <<< [apiv2][status] GET https://api.github.com/user 200
[debug] [2024-11-26T12:02:10.864Z] <<< [apiv2][body] GET https://api.github.com/user {"login":"caubebutchii","id":90312312,"node_id":"MDQ6VXNlcjkwMzEyMzEy","avatar_url":"https://avatars.githubusercontent.com/u/90312312?v=4","gravatar_id":"","url":"https://api.github.com/users/caubebutchii","html_url":"https://github.com/caubebutchii","followers_url":"https://api.github.com/users/caubebutchii/followers","following_url":"https://api.github.com/users/caubebutchii/following{/other_user}","gists_url":"https://api.github.com/users/caubebutchii/gists{/gist_id}","starred_url":"https://api.github.com/users/caubebutchii/starred{/owner}{/repo}","subscriptions_url":"https://api.github.com/users/caubebutchii/subscriptions","organizations_url":"https://api.github.com/users/caubebutchii/orgs","repos_url":"https://api.github.com/users/caubebutchii/repos","events_url":"https://api.github.com/users/caubebutchii/events{/privacy}","received_events_url":"https://api.github.com/users/caubebutchii/received_events","type":"User","user_view_type":"private","site_admin":false,"name":"Vu","company":null,"blog":"","location":null,"email":null,"hireable":null,"bio":null,"twitter_username":null,"notification_email":null,"public_repos":13,"public_gists":0,"followers":0,"following":0,"created_at":"2021-09-08T08:18:16Z","updated_at":"2024-11-21T01:10:10Z","private_gists":0,"total_private_repos":7,"owned_private_repos":7,"disk_usage":44720,"collaborators":1,"two_factor_authentication":true,"plan":{"name":"pro","space":976562499,"collaborators":0,"private_repos":9999}}
[info] 
[info] +  Success! Logged into GitHub as caubebutchii 
[info] 
[debug] [2024-11-26T12:02:20.155Z] >>> [apiv2][query] GET https://api.github.com/repos//actions/secrets/public-key type=owner
[debug] [2024-11-26T12:02:20.528Z] <<< [apiv2][status] GET https://api.github.com/repos//actions/secrets/public-key 404
[debug] [2024-11-26T12:02:20.528Z] <<< [apiv2][body] GET https://api.github.com/repos//actions/secrets/public-key {"message":"Not Found","documentation_url":"https://docs.github.com/rest","status":"404"}
[info] 
[info] 
[error] !  The provided authorization cannot be used with this repository. If this repository is in an organization, did you remember to grant access? 
[info] 
[info] i  Action required: Visit this URL to ensure access has been granted to the appropriate organization(s) for the Firebase CLI GitHub OAuth App: 
[info] https://github.com/settings/connections/applications/89cf50f02ac6aaed3484
[info] 
